[    2173ms] Error: Minified React error #418; visit https://react.dev/errors/418?args[]=HTML&args[]= for the full message or use the non-minified dev environment for full errors and additional helpful warnings.
    at rK (https://tgyardcare.com/_next/static/chunks/8073998f712b0c26.js:1:45805)
    at io (https://tgyardcare.com/_next/static/chunks/8073998f712b0c26.js:1:96526)
    at sc (https://tgyardcare.com/_next/static/chunks/8073998f712b0c26.js:1:136997)
    at https://tgyardcare.com/_next/static/chunks/8073998f712b0c26.js:1:131887
    at u9 (https://tgyardcare.com/_next/static/chunks/8073998f712b0c26.js:1:131988)
    at sV (https://tgyardcare.com/_next/static/chunks/8073998f712b0c26.js:1:158370)
    at MessagePort.O (https://tgyardcare.com/_next/static/chunks/8073998f712b0c26.js:1:7336)
[    2717ms] [ERROR] Failed to load resource: the server responded with a status of 404 () @ https://lwtmvzhwekgdxkaisfra.supabase.co/rest/v1/season_override?select=*&limit=1:0
[    2718ms] [ERROR] Failed to load resource: the server responded with a status of 404 () @ https://lwtmvzhwekgdxkaisfra.supabase.co/rest/v1/season_override?select=active_override%2Cpreview_mode%2Cpreview_season&limit=1:0
[    2719ms] [ERROR] Failed to load resource: the server responded with a status of 404 () @ https://lwtmvzhwekgdxkaisfra.supabase.co/rest/v1/seasonal_priority_services?select=*&is_active=eq.true&order=service_order.asc:0
[    2722ms] [ERROR] Failed to load resource: the server responded with a status of 404 () @ https://lwtmvzhwekgdxkaisfra.supabase.co/rest/v1/season_settings?select=*:0
[    2726ms] [ERROR] Failed to load resource: the server responded with a status of 404 () @ https://lwtmvzhwekgdxkaisfra.supabase.co/rest/v1/seasonal_slides?select=*&is_active=eq.true&order=slide_order.asc:0
[    2887ms] [ERROR] Failed to load resource: the server responded with a status of 404 () @ https://lwtmvzhwekgdxkaisfra.supabase.co/rest/v1/season_settings?select=season%2Cstart_month%2Cstart_day%2Cend_month%2Cend_day:0
[    3082ms] [ERROR] Failed to load resource: the server responded with a status of 404 () @ https://lwtmvzhwekgdxkaisfra.supabase.co/rest/v1/promo_settings?select=id%2Cservice%2Cdiscount%2Cpath%2Cseasons%2Cduration_hours&is_active=eq.true&order=display_order.asc:0
[    3083ms] [WARNING] Failed to fetch promotions, using fallback: {code: PGRST205, details: null, hint: null, message: Could not find the table 'public.promo_settings' in the schema cache} @ https://tgyardcare.com/_next/static/chunks/49011fcf9b617b2e.js:8
[    3181ms] [ERROR] Failed to load resource: the server responded with a status of 404 () @ https://lwtmvzhwekgdxkaisfra.supabase.co/rest/v1/season_override?select=active_override%2Cpreview_mode%2Cpreview_season&limit=1:0
[    3323ms] [ERROR] Failed to load resource: the server responded with a status of 404 () @ https://lwtmvzhwekgdxkaisfra.supabase.co/rest/v1/season_settings?select=season%2Cstart_month%2Cstart_day%2Cend_month%2Cend_day:0
[    5603ms] [ERROR] Failed to load resource: the server responded with a status of 404 () @ https://lwtmvzhwekgdxkaisfra.supabase.co/rest/v1/season_override?select=active_override%2Cpreview_mode%2Cpreview_season&limit=1:0
[    5702ms] [ERROR] Failed to load resource: the server responded with a status of 404 () @ https://lwtmvzhwekgdxkaisfra.supabase.co/rest/v1/season_settings?select=season%2Cstart_month%2Cstart_day%2Cend_month%2Cend_day:0
[    5899ms] [ERROR] Failed to load resource: the server responded with a status of 404 () @ https://lwtmvzhwekgdxkaisfra.supabase.co/rest/v1/promo_settings?select=id%2Cservice%2Cdiscount%2Cpath%2Cseasons%2Cduration_hours&is_active=eq.true&order=display_order.asc:0
[    5900ms] [WARNING] Failed to fetch promotions, using fallback: {code: PGRST205, details: null, hint: null, message: Could not find the table 'public.promo_settings' in the schema cache} @ https://tgyardcare.com/_next/static/chunks/49011fcf9b617b2e.js:8
[    6498ms] [ERROR] Failed to load resource: the server responded with a status of 404 () @ https://lwtmvzhwekgdxkaisfra.supabase.co/rest/v1/season_override?select=active_override%2Cpreview_mode%2Cpreview_season&limit=1:0
[    6639ms] [ERROR] Failed to load resource: the server responded with a status of 404 () @ https://lwtmvzhwekgdxkaisfra.supabase.co/rest/v1/season_settings?select=season%2Cstart_month%2Cstart_day%2Cend_month%2Cend_day:0
