[    1322ms] [ERROR] A tree hydrated but some attributes of the server rendered HTML didn't match the client properties. This won't be patched up. This can happen if a SSR-ed Client Component used:

- A server/client branch `if (typeof window !== 'undefined')`.
- Variable input such as `Date.now()` or `Math.random()` which changes each time it's called.
- Date formatting in a user's locale which doesn't match the server.
- External changing data without sending a snapshot of it along with the HTML.
- Invalid HTML tag nesting.

It can also happen if the client has a browser extension installed which messes with the HTML before React loaded.

%s%s https://react.dev/link/hydration-mismatch 

  ...
    <LoadingBoundary name="snow-removal/" loading={null}>
      <HTTPAccessFallbackBoundary notFound={undefined} forbidden={undefined} unauthorized={undefined}>
        <RedirectBoundary>
          <RedirectErrorBoundary router={{...}}>
            <InnerLayoutRouter url="/services/..." tree={[...]} params={{}} cacheNode={{rsc:<Fragment>, ...}} ...>
              <SegmentViewNode type="page" pagePath="services/s...">
                <SegmentTrieNode>
                <SnowRemovalPage>
                  <SnowRemovalContent>
                    <BreadcrumbSchema>
                    <ServiceSchema>
                    <div className="min-h-scre..." style={{...}}>
                      <Navigation>
                      <section>
                      <section className="relative m...">
                        <div>
                        <AmbientParticles>
                        <div className="relative z...">
                          <ScrollReveal>
                            <motion.div ref={{current:null}} initial={{opacity:0, ...}} animate={{}} ...>
                              <div
                                className=""
                                style={{
+                                 opacity: 0
-                                 opacity: "0"
+                                 filter: "blur(0px)"
-                                 filter: "blur(6px)"
+                                 transform: "translateY(40px)"
-                                 transform: "translateY(40px)"
                                }}
                                ref={function useMotionRef.useCallback}
                              >
                          <ScrollReveal delay={0.1}>
                            <motion.div ref={{current:null}} initial={{opacity:0, ...}} animate={{}} ...>
                              <div
                                className=""
                                style={{
+                                 opacity: 0
-                                 opacity: "0"
+                                 filter: "blur(0px)"
-                                 filter: "blur(6px)"
+                                 transform: "translateY(40px)"
-                                 transform: "translateY(40px)"
                                }}
                                ref={function useMotionRef.useCallback}
                              >
                          <ScrollReveal delay={0.2}>
                            <motion.div ref={{current:null}} initial={{opacity:0, ...}} animate={{}} ...>
                              <div
                                className=""
                                style={{
+                                 opacity: 0
-                                 opacity: "0"
+                                 filter: "blur(0px)"
-                                 filter: "blur(6px)"
+                                 transform: "translateY(40px)"
-                                 transform: "translateY(40px)"
                                }}
                                ref={function useMotionRef.useCallback}
                              >
                          <ScrollReveal delay={0.3}>
                            <motion.div ref={{current:null}} initial={{opacity:0, ...}} animate={{}} ...>
                              <div
                                className=""
                                style={{
+                                 opacity: 0
-                                 opacity: "0"
+                                 filter: "blur(0px)"
-                                 filter: "blur(6px)"
+                                 transform: "translateY(40px)"
-                                 transform: "translateY(40px)"
                                }}
                                ref={function useMotionRef.useCallback}
                              >
                      ...
                        <section className="py-5 bg-gr...">
                          <div className="container ...">
                            <ScrollReveal>
                              <motion.div ref={{current:null}} initial={{opacity:0, ...}} animate={{}} ...>
                                <div
                                  className=""
                                  style={{
+                                   opacity: 0
-                                   opacity: "0"
+                                   filter: "blur(0px)"
-                                   filter: "blur(6px)"
+                                   transform: "translateY(40px)"
-                                   transform: "translateY(40px)"
                                  }}
                                  ref={function useMotionRef.useCallback}
                                >
                      <MobilePricingPreview>
                      <section className="py-14 md:p..." style={{...}}>
                        <div className="container ...">
                          <div className="max-w-4xl ...">
                            <ScrollReveal>
                              <motion.div ref={{current:null}} initial={{opacity:0, ...}} animate={{}} ...>
                                <div
                                  className=""
                                  style={{
+                                   opacity: 0
-                                   opacity: "0"
+                                   filter: "blur(0px)"
-                                   filter: "blur(6px)"
+                                   transform: "translateY(40px)"
-                                   transform: "translateY(40px)"
                                  }}
                                  ref={function useMotionRef.useCallback}
                                >
                            <div className="grid md:gr...">
                              <ScrollReveal delay={0}>
                                <motion.div ref={{current:null}} initial={{opacity:0, ...}} animate={{}} ...>
                                  <div
                                    className=""
                                    style={{
+                                     opacity: 0
-                                     opacity: "0"
+                                     filter: "blur(0px)"
-                                     filter: "blur(6px)"
+                                     transform: "translateY(40px)"
-                                     transform: "translateY(40px)"
                                    }}
                                    ref={function useMotionRef.useCallback}
                                  >
                              <ScrollReveal delay={0.08}>
                                <motion.div ref={{current:null}} initial={{opacity:0, ...}} animate={{}} ...>
                                  <div
                                    className=""
                                    style={{
+                                     opacity: 0
-                                     opacity: "0"
+                                     filter: "blur(0px)"
-                                     filter: "blur(6px)"
+                                     transform: "translateY(40px)"
-                                     transform: "translateY(40px)"
                                    }}
                                    ref={function useMotionRef.useCallback}
                                  >
                              <ScrollReveal delay={0.16}>
                                <motion.div ref={{current:null}} initial={{opacity:0, ...}} animate={{}} ...>
                                  <div
                                    className=""
                                    style={{
+                                     opacity: 0
-                                     opacity: "0"
+                                     filter: "blur(0px)"
-                                     filter: "blur(6px)"
+                                     transform: "translateY(40px)"
-                                     transform: "translateY(40px)"
                                    }}
                                    ref={function useMotionRef.useCallback}
                                  >
                              <ScrollReveal delay={0.24}>
                                <motion.div ref={{current:null}} initial={{opacity:0, ...}} animate={{}} ...>
                                  <div
                                    className=""
                                    style={{
+                                     opacity: 0
-                                     opacity: "0"
+                                     filter: "blur(0px)"
-                                     filter: "blur(6px)"
+                                     transform: "translateY(40px)"
-                                     transform: "translateY(40px)"
                                    }}
                                    ref={function useMotionRef.useCallback}
                                  >
                      ...
                        <div className="container ...">
                          <div className="max-w-4xl ...">
                            <ScrollReveal>
                              <motion.div ref={{current:null}} initial={{opacity:0, ...}} animate={{}} ...>
                                <div
                                  className=""
                                  style={{
+                                   opacity: 0
-                                   opacity: "0"
+                                   filter: "blur(0px)"
-                                   filter: "blur(6px)"
+                                   transform: "translateY(40px)"
-                                   transform: "translateY(40px)"
                                  }}
                                  ref={function useMotionRef.useCallback}
                                >
                            <div className="space-y-3 ...">
                              <ScrollReveal delay={0}>
                                <motion.div ref={{current:null}} initial={{opacity:0, ...}} animate={{}} ...>
                                  <div
                                    className=""
                                    style={{
+                                     opacity: 0
-                                     opacity: "0"
+                                     filter: "blur(0px)"
-                                     filter: "blur(6px)"
+                                     transform: "translateY(40px)"
-                                     transform: "translateY(40px)"
                                    }}
                                    ref={function useMotionRef.useCallback}
                                  >
                              <ScrollReveal delay={0.06}>
                                <motion.div ref={{current:null}} initial={{opacity:0, ...}} animate={{}} ...>
                                  <div
                                    className=""
                                    style={{
+                                     opacity: 0
-                                     opacity: "0"
+                                     filter: "blur(0px)"
-                                     filter: "blur(6px)"
+                                     transform: "translateY(40px)"
-                                     transform: "translateY(40px)"
                                    }}
                                    ref={function useMotionRef.useCallback}
                                  >
                              <ScrollReveal delay={0.12}>
                                <motion.div ref={{current:null}} initial={{opacity:0, ...}} animate={{}} ...>
                                  <div
                                    className=""
                                    style={{
+                                     opacity: 0
-                                     opacity: "0"
+                                     filter: "blur(0px)"
-                                     filter: "blur(6px)"
+                                     transform: "translateY(40px)"
-                                     transform: "translateY(40px)"
                                    }}
                                    ref={function useMotionRef.useCallback}
                                  >
                              <ScrollReveal delay={0.18}>
                                <motion.div ref={{current:null}} initial={{opacity:0, ...}} animate={{}} ...>
                                  <div
                                    className=""
                                    style={{
+                                     opacity: 0
-                                     opacity: "0"
+                                     filter: "blur(0px)"
-                                     filter: "blur(6px)"
+                                     transform: "translateY(40px)"
-                                     transform: "translateY(40px)"
                                    }}
                                    ref={function useMotionRef.useCallback}
                                  >
                              <ScrollReveal delay={0.24}>
                                <motion.div ref={{current:null}} initial={{opacity:0, ...}} animate={{}} ...>
                                  <div
                                    className=""
                                    style={{
+                                     opacity: 0
-                                     opacity: "0"
+                                     filter: "blur(0px)"
-                                     filter: "blur(6px)"
+                                     transform: "translateY(40px)"
-                                     transform: "translateY(40px)"
                                    }}
                                    ref={function useMotionRef.useCallback}
                                  >
                      ...
                        <div className="container ...">
                          <div className="max-w-4xl ...">
                            <ScrollReveal>
                              <motion.div ref={{current:null}} initial={{opacity:0, ...}} animate={{}} ...>
                                <div
                                  className=""
                                  style={{
+                                   opacity: 0
-                                   opacity: "0"
+                                   filter: "blur(0px)"
-                                   filter: "blur(6px)"
+                                   transform: "translateY(40px)"
-                                   transform: "translateY(40px)"
                                  }}
                                  ref={function useMotionRef.useCallback}
                                >
                            <div className="grid grid-...">
                              <ScrollReveal delay={0}>
                                <motion.div ref={{current:null}} initial={{opacity:0, ...}} animate={{}} ...>
                                  <div
                                    className=""
                                    style={{
+                                     opacity: 0
-                                     opacity: "0"
+                                     filter: "blur(0px)"
-                                     filter: "blur(6px)"
+                                     transform: "translateY(40px)"
-                                     transform: "translateY(40px)"
                                    }}
                                    ref={function useMotionRef.useCallback}
                                  >
                              <ScrollReveal delay={0.08}>
                                <motion.div ref={{current:null}} initial={{opacity:0, ...}} animate={{}} ...>
                                  <div
                                    className=""
                                    style={{
+                                     opacity: 0
-                                     opacity: "0"
+                                     filter: "blur(0px)"
-                                     filter: "blur(6px)"
+                                     transform: "translateY(40px)"
-                                     transform: "translateY(40px)"
                                    }}
                                    ref={function useMotionRef.useCallback}
                                  >
                              <ScrollReveal delay={0.16}>
                                <motion.div ref={{current:null}} initial={{opacity:0, ...}} animate={{}} ...>
                                  <div
                                    className=""
                                    style={{
+                                     opacity: 0
-                                     opacity: "0"
+                                     filter: "blur(0px)"
-                                     filter: "blur(6px)"
+                                     transform: "translateY(40px)"
-                                     transform: "translateY(40px)"
                                    }}
                                    ref={function useMotionRef.useCallback}
                                  >
                              <ScrollReveal delay={0.24}>
                                <motion.div ref={{current:null}} initial={{opacity:0, ...}} animate={{}} ...>
                                  <div
                                    className=""
                                    style={{
+                                     opacity: 0
-                                     opacity: "0"
+                                     filter: "blur(0px)"
-                                     filter: "blur(6px)"
+                                     transform: "translateY(40px)"
-                                     transform: "translateY(40px)"
                                    }}
                                    ref={function useMotionRef.useCallback}
                                  >
                              <ScrollReveal delay={0.32}>
                                <motion.div ref={{current:null}} initial={{opacity:0, ...}} animate={{}} ...>
                                  <div
                                    className=""
                                    style={{
+                                     opacity: 0
-                                     opacity: "0"
+                                     filter: "blur(0px)"
-                                     filter: "blur(6px)"
+                                     transform: "translateY(40px)"
-                                     transform: "translateY(40px)"
                                    }}
                                    ref={function useMotionRef.useCallback}
                                  >
                      <section className="py-14 md:p...">
                        <div className="container ...">
                          <div className="max-w-4xl ...">
                            <ScrollReveal>
                              <motion.div ref={{current:null}} initial={{opacity:0, ...}} animate={{}} ...>
                                <div
                                  className=""
                                  style={{
+                                   opacity: 0
-                                   opacity: "0"
+                                   filter: "blur(0px)"
-                                   filter: "blur(6px)"
+                                   transform: "translateY(40px)"
-                                   transform: "translateY(40px)"
                                  }}
                                  ref={function useMotionRef.useCallback}
                                >
                            <div className="grid md:gr...">
                              <ScrollReveal delay={0}>
                                <motion.div ref={{current:null}} initial={{opacity:0, ...}} animate={{}} ...>
                                  <div
                                    className=""
                                    style={{
+                                     opacity: 0
-                                     opacity: "0"
+                                     filter: "blur(0px)"
-                                     filter: "blur(6px)"
+                                     transform: "translateY(40px)"
-                                     transform: "translateY(40px)"
                                    }}
                                    ref={function useMotionRef.useCallback}
                                  >
                              <ScrollReveal delay={0.08}>
                                <motion.div ref={{current:null}} initial={{opacity:0, ...}} animate={{}} ...>
                                  <div
                                    className=""
                                    style={{
+                                     opacity: 0
-                                     opacity: "0"
+                                     filter: "blur(0px)"
-                                     filter: "blur(6px)"
+                                     transform: "translateY(40px)"
-                                     transform: "translateY(40px)"
                                    }}
                                    ref={function useMotionRef.useCallback}
                                  >
                              <ScrollReveal delay={0.16}>
                                <motion.div ref={{current:null}} initial={{opacity:0, ...}} animate={{}} ...>
                                  <div
                                    className=""
                                    style={{
+                                     opacity: 0
-                                     opacity: "0"
+                                     filter: "blur(0px)"
-                                     filter: "blur(6px)"
+                                     transform: "translateY(40px)"
-                                     transform: "translateY(40px)"
                                    }}
                                    ref={function useMotionRef.useCallback}
                                  >
                              <ScrollReveal delay={0.24}>
                                <motion.div ref={{current:null}} initial={{opacity:0, ...}} animate={{}} ...>
                                  <div
                                    className=""
                                    style={{
+                                     opacity: 0
-                                     opacity: "0"
+                                     filter: "blur(0px)"
-                                     filter: "blur(6px)"
+                                     transform: "translateY(40px)"
-                                     transform: "translateY(40px)"
                                    }}
                                    ref={function useMotionRef.useCallback}
                                  >
                              <ScrollReveal delay={0.32}>
                                <motion.div ref={{current:null}} initial={{opacity:0, ...}} animate={{}} ...>
                                  <div
                                    className=""
                                    style={{
+                                     opacity: 0
-                                     opacity: "0"
+                                     filter: "blur(0px)"
-                                     filter: "blur(6px)"
+                                     transform: "translateY(40px)"
-                                     transform: "translateY(40px)"
                                    }}
                                    ref={function useMotionRef.useCallback}
                                  >
                              <ScrollReveal delay={0.4}>
                                <motion.div ref={{current:null}} initial={{opacity:0, ...}} animate={{}} ...>
                                  <div
                                    className=""
                                    style={{
+                                     opacity: 0
-                                     opacity: "0"
+                                     filter: "blur(0px)"
-                                     filter: "blur(6px)"
+                                     transform: "translateY(40px)"
-                                     transform: "translateY(40px)"
                                    }}
                                    ref={function useMotionRef.useCallback}
                                  >
                      <section className="py-14 md:p..." style={{...}}>
                        <div className="container ...">
                          <ScrollReveal>
                            <motion.div ref={{current:null}} initial={{opacity:0, ...}} animate={{}} ...>
                              <div
                                className=""
                                style={{
+                                 opacity: 0
-                                 opacity: "0"
+                                 filter: "blur(0px)"
-                                 filter: "blur(6px)"
+                                 transform: "translateY(40px)"
-                                 transform: "translateY(40px)"
                                }}
                                ref={function useMotionRef.useCallback}
                              >
                          ...
                            <ScrollReveal delay={0}>
                              <motion.div ref={{current:null}} initial={{opacity:0, ...}} animate={{}} ...>
                                <div
                                  className=""
                                  style={{
+                                   opacity: 0
-                                   opacity: "0"
+                                   filter: "blur(0px)"
-                                   filter: "blur(6px)"
+                                   transform: "translateY(40px)"
-                                   transform: "translateY(40px)"
                                  }}
                                  ref={function useMotionRef.useCallback}
                                >
                            <ScrollReveal delay={0.12}>
                              <motion.div ref={{current:null}} initial={{opacity:0, ...}} animate={{}} ...>
                                <div
                                  className=""
                                  style={{
+                                   opacity: 0
-                                   opacity: "0"
+                                   filter: "blur(0px)"
-                                   filter: "blur(6px)"
+                                   transform: "translateY(40px)"
-                                   transform: "translateY(40px)"
                                  }}
                                  ref={function useMotionRef.useCallback}
                                >
                            <ScrollReveal delay={0.24}>
                              <motion.div ref={{current:null}} initial={{opacity:0, ...}} animate={{}} ...>
                                <div
                                  className=""
                                  style={{
+                                   opacity: 0
-                                   opacity: "0"
+                                   filter: "blur(0px)"
-                                   filter: "blur(6px)"
+                                   transform: "translateY(40px)"
-                                   transform: "translateY(40px)"
                                  }}
                                  ref={function useMotionRef.useCallback}
                                >
                            <ScrollReveal delay={0.36}>
                              <motion.div ref={{current:null}} initial={{opacity:0, ...}} animate={{}} ...>
                                <div
                                  className=""
                                  style={{
+                                   opacity: 0
-                                   opacity: "0"
+                                   filter: "blur(0px)"
-                                   filter: "blur(6px)"
+                                   transform: "translateY(40px)"
-                                   transform: "translateY(40px)"
                                  }}
                                  ref={function useMotionRef.useCallback}
                                >
                      <section className="py-14 md:p...">
                        <div className="container ...">
                          <div className="max-w-4xl ...">
                            <ScrollReveal>
                              <motion.div ref={{current:null}} initial={{opacity:0, ...}} animate={{}} ...>
                                <div
                                  className=""
                                  style={{
+                                   opacity: 0
-                                   opacity: "0"
+                                   filter: "blur(0px)"
-                                   filter: "blur(6px)"
+                                   transform: "translateY(40px)"
-                                   transform: "translateY(40px)"
                                  }}
                                  ref={function useMotionRef.useCallback}
                                >
                            <div className="grid md:gr...">
                              <ScrollReveal delay={0}>
                                <motion.div ref={{current:null}} initial={{opacity:0, ...}} animate={{}} ...>
                                  <div
                                    className=""
                                    style={{
+                                     opacity: 0
-                                     opacity: "0"
+                                     filter: "blur(0px)"
-                                     filter: "blur(6px)"
+                                     transform: "translateY(40px)"
-                                     transform: "translateY(40px)"
                                    }}
                                    ref={function useMotionRef.useCallback}
                                  >
                              <ScrollReveal delay={0.1}>
                                <motion.div ref={{current:null}} initial={{opacity:0, ...}} animate={{}} ...>
                                  <div
                                    className=""
                                    style={{
+                                     opacity: 0
-                                     opacity: "0"
+                                     filter: "blur(0px)"
-                                     filter: "blur(6px)"
+                                     transform: "translateY(40px)"
-                                     transform: "translateY(40px)"
                                    }}
                                    ref={function useMotionRef.useCallback}
                                  >
                              <ScrollReveal delay={0.2}>
                                <motion.div ref={{current:null}} initial={{opacity:0, ...}} animate={{}} ...>
                                  <div
                                    className=""
                                    style={{
+                                     opacity: 0
-                                     opacity: "0"
+                                     filter: "blur(0px)"
-                                     filter: "blur(6px)"
+                                     transform: "translateY(40px)"
-                                     transform: "translateY(40px)"
                                    }}
                                    ref={function useMotionRef.useCallback}
                                  >
                              <ScrollReveal delay={0.30000000000000004}>
                                <motion.div ref={{current:null}} initial={{opacity:0, ...}} animate={{}} ...>
                                  <div
                                    className=""
                                    style={{
+                                     opacity: 0
-                                     opacity: "0"
+                                     filter: "blur(0px)"
-                                     filter: "blur(6px)"
+                                     transform: "translateY(40px)"
-                                     transform: "translateY(40px)"
                                    }}
                                    ref={function useMotionRef.useCallback}
                                  >
                      <BeforeAfterGallery items={[...]}>
                        <section className="relative p...">
                          <AmbientParticles>
                          <div className="container ...">
                            <ScrollReveal>
                              <motion.div ref={{current:null}} initial={{opacity:0, ...}} animate={{}} ...>
                                <div
                                  className=""
                                  style={{
+                                   opacity: 0
-                                   opacity: "0"
+                                   filter: "blur(0px)"
-                                   filter: "blur(6px)"
+                                   transform: "translateY(40px)"
-                                   transform: "translateY(40px)"
                                  }}
                                  ref={function useMotionRef.useCallback}
                                >
                            <div className="grid grid-...">
                              <ScrollReveal delay={0}>
                                <motion.div ref={{current:null}} initial={{opacity:0, ...}} animate={{}} ...>
                                  <div
                                    className=""
                                    style={{
+                                     opacity: 0
-                                     opacity: "0"
+                                     filter: "blur(0px)"
-                                     filter: "blur(6px)"
+                                     transform: "translateY(40px)"
-                                     transform: "translateY(40px)"
                                    }}
                                    ref={function useMotionRef.useCallback}
                                  >
                      <CTASection>
                      <WinterPriorityServices>
                      <section className="py-14 md:p...">
                        <div className="container ...">
                          <div className="max-w-4xl ...">
                            <ScrollReveal>
                              <motion.div ref={{current:null}} initial={{opacity:0, ...}} animate={{}} ...>
                                <div
                                  className=""
                                  style={{
+                                   opacity: 0
-                                   opacity: "0"
+                                   filter: "blur(0px)"
-                                   filter: "blur(6px)"
+                                   transform: "translateY(40px)"
-                                   transform: "translateY(40px)"
                                  }}
                                  ref={function useMotionRef.useCallback}
                                >
                            <div className="grid md:gr...">
                              <ScrollReveal delay={0.1}>
                                <motion.div ref={{current:null}} initial={{opacity:0, ...}} animate={{}} ...>
                                  <div
                                    className=""
                                    style={{
+                                     opacity: 0
-                                     opacity: "0"
+                                     filter: "blur(0px)"
-                                     filter: "blur(6px)"
+                                     transform: "translateY(40px)"
-                                     transform: "translateY(40px)"
                                    }}
                                    ref={function useMotionRef.useCallback}
                                  >
                              <ScrollReveal delay={0.2}>
                                <motion.div ref={{current:null}} initial={{opacity:0, ...}} animate={{}} ...>
                                  <div
                                    className=""
                                    style={{
+                                     opacity: 0
-                                     opacity: "0"
+                                     filter: "blur(0px)"
-                                     filter: "blur(6px)"
+                                     transform: "translateY(40px)"
-                                     transform: "translateY(40px)"
                                    }}
                                    ref={function useMotionRef.useCallback}
                                  >
                      <section className="py-14 md:p..." style={{...}}>
                        <div className="container ...">
                          <div className="max-w-4xl ...">
                            <ScrollReveal>
                              <motion.div ref={{current:null}} initial={{opacity:0, ...}} animate={{}} ...>
                                <div
                                  className=""
                                  style={{
+                                   opacity: 0
-                                   opacity: "0"
+                                   filter: "blur(0px)"
-                                   filter: "blur(6px)"
+                                   transform: "translateY(40px)"
-                                   transform: "translateY(40px)"
                                  }}
                                  ref={function useMotionRef.useCallback}
                                >
                            <div className="grid md:gr...">
                              <ScrollReveal delay={0.1}>
                                <motion.div ref={{current:null}} initial={{opacity:0, ...}} animate={{}} ...>
                                  <div
                                    className=""
                                    style={{
+                                     opacity: 0
-                                     opacity: "0"
+                                     filter: "blur(0px)"
-                                     filter: "blur(6px)"
+                                     transform: "translateY(40px)"
-                                     transform: "translateY(40px)"
                                    }}
                                    ref={function useMotionRef.useCallback}
                                  >
                              <ScrollReveal delay={0.2}>
                                <motion.div ref={{current:null}} initial={{opacity:0, ...}} animate={{}} ...>
                                  <div
                                    className=""
                                    style={{
+                                     opacity: 0
-                                     opacity: "0"
+                                     filter: "blur(0px)"
-                                     filter: "blur(6px)"
+                                     transform: "translateY(40px)"
-                                     transform: "translateY(40px)"
                                    }}
                                    ref={function useMotionRef.useCallback}
                                  >
                            <ScrollReveal delay={0.3}>
                              <motion.div ref={{current:null}} initial={{opacity:0, ...}} animate={{}} ...>
                                <div
                                  className=""
                                  style={{
+                                   opacity: 0
-                                   opacity: "0"
+                                   filter: "blur(0px)"
-                                   filter: "blur(6px)"
+                                   transform: "translateY(40px)"
-                                   transform: "translateY(40px)"
                                  }}
                                  ref={function useMotionRef.useCallback}
                                >
                            <ScrollReveal delay={0.4}>
                              <motion.div ref={{current:null}} initial={{opacity:0, ...}} animate={{}} ...>
                                <div
                                  className=""
                                  style={{
+                                   opacity: 0
-                                   opacity: "0"
+                                   filter: "blur(0px)"
-                                   filter: "blur(6px)"
+                                   transform: "translateY(40px)"
-                                   transform: "translateY(40px)"
                                  }}
                                  ref={function useMotionRef.useCallback}
                                >
                      <section className="py-14 md:p...">
                        <div className="container ...">
                          <div className="max-w-4xl ...">
                            <ScrollReveal>
                              <motion.div ref={{current:null}} initial={{opacity:0, ...}} animate={{}} ...>
                                <div
                                  className=""
                                  style={{
+                                   opacity: 0
-                                   opacity: "0"
+                                   filter: "blur(0px)"
-                                   filter: "blur(6px)"
+                                   transform: "translateY(40px)"
-                                   transform: "translateY(40px)"
                                  }}
                                  ref={function useMotionRef.useCallback}
                                >
                            <div className="grid md:gr...">
                              <ScrollReveal delay={0}>
                                <motion.div ref={{current:null}} initial={{opacity:0, ...}} animate={{}} ...>
                                  <div
                                    className=""
                                    style={{
+                                     opacity: 0
-                                     opacity: "0"
+                                     filter: "blur(0px)"
-                                     filter: "blur(6px)"
+                                     transform: "translateY(40px)"
-                                     transform: "translateY(40px)"
                                    }}
                                    ref={function useMotionRef.useCallback}
                                  >
                              <ScrollReveal delay={0.1}>
                                <motion.div ref={{current:null}} initial={{opacity:0, ...}} animate={{}} ...>
                                  <div
                                    className=""
                                    style={{
+                                     opacity: 0
-                                     opacity: "0"
+                                     filter: "blur(0px)"
-                                     filter: "blur(6px)"
+                                     transform: "translateY(40px)"
-                                     transform: "translateY(40px)"
                                    }}
                                    ref={function useMotionRef.useCallback}
                                  >
                              <ScrollReveal delay={0.2}>
                                <motion.div ref={{current:null}} initial={{opacity:0, ...}} animate={{}} ...>
                                  <div
                                    className=""
                                    style={{
+                                     opacity: 0
-                                     opacity: "0"
+                                     filter: "blur(0px)"
-                                     filter: "blur(6px)"
+                                     transform: "translateY(40px)"
-                                     transform: "translateY(40px)"
                                    }}
                                    ref={function useMotionRef.useCallback}
                                  >
                              <ScrollReveal delay={0.30000000000000004}>
                                <motion.div ref={{current:null}} initial={{opacity:0, ...}} animate={{}} ...>
                                  <div
                                    className=""
                                    style={{
+                                     opacity: 0
-                                     opacity: "0"
+                                     filter: "blur(0px)"
-                                     filter: "blur(6px)"
+                                     transform: "translateY(40px)"
-                                     transform: "translateY(40px)"
                                    }}
                                    ref={function useMotionRef.useCallback}
                                  >
                      <TrustStrip variant="light">
                        <section className="py-5 bg-gr...">
                          <div className="container ...">
                            <ScrollReveal>
                              <motion.div ref={{current:null}} initial={{opacity:0, ...}} animate={{}} ...>
                                <div
                                  className=""
                                  style={{
+                                   opacity: 0
-                                   opacity: "0"
+                                   filter: "blur(0px)"
-                                   filter: "blur(6px)"
+                                   transform: "translateY(40px)"
-                                   transform: "translateY(40px)"
                                  }}
                                  ref={function useMotionRef.useCallback}
                                >
                      <section className="py-14 md:p...">
                        <div className="container ...">
                          <div className="max-w-4xl ...">
                            <ScrollReveal>
                              <motion.div ref={{current:null}} initial={{opacity:0, ...}} animate={{}} ...>
                                <div
                                  className=""
                                  style={{
+                                   opacity: 0
-                                   opacity: "0"
+                                   filter: "blur(0px)"
-                                   filter: "blur(6px)"
+                                   transform: "translateY(40px)"
-                                   transform: "translateY(40px)"
                                  }}
                                  ref={function useMotionRef.useCallback}
                                >
                            <div className="grid grid-...">
                              <ScrollReveal delay={0}>
                                <motion.div ref={{current:null}} initial={{opacity:0, ...}} animate={{}} ...>
                                  <div
                                    className=""
                                    style={{
+                                     opacity: 0
-                                     opacity: "0"
+                                     filter: "blur(0px)"
-                                     filter: "blur(6px)"
+                                     transform: "translateY(40px)"
-                                     transform: "translateY(40px)"
                                    }}
                                    ref={function useMotionRef.useCallback}
                                  >
                              <ScrollReveal delay={0.08}>
                                <motion.div ref={{current:null}} initial={{opacity:0, ...}} animate={{}} ...>
                                  <div
                                    className=""
                                    style={{
+                                     opacity: 0
-                                     opacity: "0"
+                                     filter: "blur(0px)"
-                                     filter: "blur(6px)"
+                                     transform: "translateY(40px)"
-                                     transform: "translateY(40px)"
                                    }}
                                    ref={function useMotionRef.useCallback}
                                  >
                              <ScrollReveal delay={0.16}>
                                <motion.div ref={{current:null}} initial={{opacity:0, ...}} animate={{}} ...>
                                  <div
                                    className=""
                                    style={{
+                                     opacity: 0
-                                     opacity: "0"
+                                     filter: "blur(0px)"
-                                     filter: "blur(6px)"
+                                     transform: "translateY(40px)"
-                                     transform: "translateY(40px)"
                                    }}
                                    ref={function useMotionRef.useCallback}
                                  >
                              <ScrollReveal delay={0.24}>
                                <motion.div ref={{current:null}} initial={{opacity:0, ...}} animate={{}} ...>
                                  <div
                                    className=""
                                    style={{
+                                     opacity: 0
-                                     opacity: "0"
+                                     filter: "blur(0px)"
-                                     filter: "blur(6px)"
+                                     transform: "translateY(40px)"
-                                     transform: "translateY(40px)"
                                    }}
                                    ref={function useMotionRef.useCallback}
                                  >
                      ...
                        <div className="container ...">
                          <div className="max-w-5xl ...">
                            <ScrollReveal>
                              <motion.div ref={{current:null}} initial={{opacity:0, ...}} animate={{}} ...>
                                <div
                                  className=""
                                  style={{
+                                   opacity: 0
-                                   opacity: "0"
+                                   filter: "blur(0px)"
-                                   filter: "blur(6px)"
+                                   transform: "translateY(40px)"
-                                   transform: "translateY(40px)"
                                  }}
                                  ref={function useMotionRef.useCallback}
                                >
                            <div className="grid grid-...">
                              <ScrollReveal delay={0}>
                                <motion.div ref={{current:null}} initial={{opacity:0, ...}} animate={{}} ...>
                                  <div
                                    className=""
                                    style={{
+                                     opacity: 0
-                                     opacity: "0"
+                                     filter: "blur(0px)"
-                                     filter: "blur(6px)"
+                                     transform: "translateY(40px)"
-                                     transform: "translateY(40px)"
                                    }}
                                    ref={function useMotionRef.useCallback}
                                  >
                              <ScrollReveal delay={0.1}>
                                <motion.div ref={{current:null}} initial={{opacity:0, ...}} animate={{}} ...>
                                  <div
                                    className=""
                                    style={{
+                                     opacity: 0
-                                     opacity: "0"
+                                     filter: "blur(0px)"
-                                     filter: "blur(6px)"
+                                     transform: "translateY(40px)"
-                                     transform: "translateY(40px)"
                                    }}
                                    ref={function useMotionRef.useCallback}
                                  >
                              <ScrollReveal delay={0.2}>
                                <motion.div ref={{current:null}} initial={{opacity:0, ...}} animate={{}} ...>
                                  <div
                                    className=""
                                    style={{
+                                     opacity: 0
-                                     opacity: "0"
+                                     filter: "blur(0px)"
-                                     filter: "blur(6px)"
+                                     transform: "translateY(40px)"
-                                     transform: "translateY(40px)"
                                    }}
                                    ref={function useMotionRef.useCallback}
                                  >
                              <ScrollReveal delay={0.30000000000000004}>
                                <motion.div ref={{current:null}} initial={{opacity:0, ...}} animate={{}} ...>
                                  <div
                                    className=""
                                    style={{
+                                     opacity: 0
-                                     opacity: "0"
+                                     filter: "blur(0px)"
-                                     filter: "blur(6px)"
+                                     transform: "translateY(40px)"
-                                     transform: "translateY(40px)"
                                    }}
                                    ref={function useMotionRef.useCallback}
                                  >
                      ...
                        <div className="container ...">
                          <div className="max-w-5xl ...">
                            <ScrollReveal>
                              <motion.div ref={{current:null}} initial={{opacity:0, ...}} animate={{}} ...>
                                <div
                                  className=""
                                  style={{
+                                   opacity: 0
-                                   opacity: "0"
+                                   filter: "blur(0px)"
-                                   filter: "blur(6px)"
+                                   transform: "translateY(40px)"
-                                   transform: "translateY(40px)"
                                  }}
                                  ref={function useMotionRef.useCallback}
                                >
                            <div className="grid grid-...">
                              <ScrollReveal delay={0}>
                                <motion.div ref={{current:null}} initial={{opacity:0, ...}} animate={{}} ...>
                                  <div
                                    className=""
                                    style={{
+                                     opacity: 0
-                                     opacity: "0"
+                                     filter: "blur(0px)"
-                                     filter: "blur(6px)"
+                                     transform: "translateY(40px)"
-                                     transform: "translateY(40px)"
                                    }}
                                    ref={function useMotionRef.useCallback}
                                  >
                              <ScrollReveal delay={0.08}>
                                <motion.div ref={{current:null}} initial={{opacity:0, ...}} animate={{}} ...>
                                  <div
                                    className=""
                                    style={{
+                                     opacity: 0
-                                     opacity: "0"
+                                     filter: "blur(0px)"
-                                     filter: "blur(6px)"
+                                     transform: "translateY(40px)"
-                                     transform: "translateY(40px)"
                                    }}
                                    ref={function useMotionRef.useCallback}
                                  >
                              <ScrollReveal delay={0.16}>
                                <motion.div ref={{current:null}} initial={{opacity:0, ...}} animate={{}} ...>
                                  <div
                                    className=""
                                    style={{
+                                     opacity: 0
-                                     opacity: "0"
+                                     filter: "blur(0px)"
-                                     filter: "blur(6px)"
+                                     transform: "translateY(40px)"
-                                     transform: "translateY(40px)"
                                    }}
                                    ref={function useMotionRef.useCallback}
                                  >
                              <ScrollReveal delay={0.24}>
                                <motion.div ref={{current:null}} initial={{opacity:0, ...}} animate={{}} ...>
                                  <div
                                    className=""
                                    style={{
+                                     opacity: 0
-                                     opacity: "0"
+                                     filter: "blur(0px)"
-                                     filter: "blur(6px)"
+                                     transform: "translateY(40px)"
-                                     transform: "translateY(40px)"
                                    }}
                                    ref={function useMotionRef.useCallback}
                                  >
                              <ScrollReveal delay={0.32}>
                                <motion.div ref={{current:null}} initial={{opacity:0, ...}} animate={{}} ...>
                                  <div
                                    className=""
                                    style={{
+                                     opacity: 0
-                                     opacity: "0"
+                                     filter: "blur(0px)"
-                                     filter: "blur(6px)"
+                                     transform: "translateY(40px)"
-                                     transform: "translateY(40px)"
                                    }}
                                    ref={function useMotionRef.useCallback}
                                  >
                              <ScrollReveal delay={0.4}>
                                <motion.div ref={{current:null}} initial={{opacity:0, ...}} animate={{}} ...>
                                  <div
                                    className=""
                                    style={{
+                                     opacity: 0
-                                     opacity: "0"
+                                     filter: "blur(0px)"
-                                     filter: "blur(6px)"
+                                     transform: "translateY(40px)"
-                                     transform: "translateY(40px)"
                                    }}
                                    ref={function useMotionRef.useCallback}
                                  >
                      <ServiceFAQ faqs={[...]}>
                        <section className="py-16 md:p..." style={{...}}>
                          <div className="container ...">
                            <ScrollReveal>
                              <motion.div ref={{current:null}} initial={{opacity:0, ...}} animate={{}} ...>
                                <div
                                  className=""
                                  style={{
+                                   opacity: 0
-                                   opacity: "0"
+                                   filter: "blur(0px)"
-                                   filter: "blur(6px)"
+                                   transform: "translateY(40px)"
-                                   transform: "translateY(40px)"
                                  }}
                                  ref={function useMotionRef.useCallback}
                                >
                            ...
                              <div className="w-full spa..." data-orientation="vertical" onKeyDown={function handleEvent} ...>
                                <ScrollReveal delay={0}>
                                  <motion.div ref={{current:null}} initial={{opacity:0, ...}} animate={{}} ...>
                                    <div
                                      className=""
                                      style={{
+                                       opacity: 0
-                                       opacity: "0"
+                                       filter: "blur(0px)"
-                                       filter: "blur(6px)"
+                                       transform: "translateY(40px)"
-                                       transform: "translateY(40px)"
                                      }}
                                      ref={function useMotionRef.useCallback}
                                    >
                                <ScrollReveal delay={0.05}>
                                  <motion.div ref={{current:null}} initial={{opacity:0, ...}} animate={{}} ...>
                                    <div
                                      className=""
                                      style={{
+                                       opacity: 0
-                                       opacity: "0"
+                                       filter: "blur(0px)"
-                                       filter: "blur(6px)"
+                                       transform: "translateY(40px)"
-                                       transform: "translateY(40px)"
                                      }}
                                      ref={function useMotionRef.useCallback}
                                    >
                                <ScrollReveal delay={0.1}>
                                  <motion.div ref={{current:null}} initial={{opacity:0, ...}} animate={{}} ...>
                                    <div
                                      className=""
                                      style={{
+                                       opacity: 0
-                                       opacity: "0"
+                                       filter: "blur(0px)"
-                                       filter: "blur(6px)"
+                                       transform: "translateY(40px)"
-                                       transform: "translateY(40px)"
                                      }}
                                      ref={function useMotionRef.useCallback}
                                    >
                                <ScrollReveal delay={0.15000000000000002}>
                                  <motion.div ref={{current:null}} initial={{opacity:0, ...}} animate={{}} ...>
                                    <div
                                      className=""
                                      style={{
+                                       opacity: 0
-                                       opacity: "0"
+                                       filter: "blur(0px)"
-                                       filter: "blur(6px)"
+                                       transform: "translateY(40px)"
-                                       transform: "translateY(40px)"
                                      }}
                                      ref={function useMotionRef.useCallback}
                                    >
                                <ScrollReveal delay={0.2}>
                                  <motion.div ref={{current:null}} initial={{opacity:0, ...}} animate={{}} ...>
                                    <div
                                      className=""
                                      style={{
+                                       opacity: 0
-                                       opacity: "0"
+                                       filter: "blur(0px)"
-                                       filter: "blur(6px)"
+                                       transform: "translateY(40px)"
-                                       transform: "translateY(40px)"
                                      }}
                                      ref={function useMotionRef.useCallback}
                                    >
                                <ScrollReveal delay={0.25}>
                                  <motion.div ref={{current:null}} initial={{opacity:0, ...}} animate={{}} ...>
                                    <div
                                      className=""
                                      style={{
+                                       opacity: 0
-                                       opacity: "0"
+                                       filter: "blur(0px)"
-                                       filter: "blur(6px)"
+                                       transform: "translateY(40px)"
-                                       transform: "translateY(40px)"
                                      }}
                                      ref={function useMotionRef.useCallback}
                                    >
                            <ScrollReveal delay={0.2}>
                              <motion.div ref={{current:null}} initial={{opacity:0, ...}} animate={{}} ...>
                                <div
                                  className=""
                                  style={{
+                                   opacity: 0
-                                   opacity: "0"
+                                   filter: "blur(0px)"
-                                   filter: "blur(6px)"
+                                   transform: "translateY(40px)"
-                                   transform: "translateY(40px)"
                                  }}
                                  ref={function useMotionRef.useCallback}
                                >
                      ...
              ...
            ...
 @ http://localhost:3000/_next/static/chunks/node_modules_next_dist_f3530cac._.js:3127
